<?xml version="1.0" encoding="UTF-8"?>
<testng-results ignored="0" total="5" passed="4" failed="1" skipped="0">
  <reporter-output>
  </reporter-output>
  <suite started-at="2022-03-10T14:32:20 IST" name="Test suite" finished-at="2022-03-10T14:40:59 IST" duration-ms="518775">
    <groups>
    </groups>
    <test started-at="2022-03-10T14:32:20 IST" name="Test name" finished-at="2022-03-10T14:40:59 IST" duration-ms="518775">
      <class name="flipkart.TC_Logout_004">
        <test-method is-config="true" signature="browser(java.lang.String)[pri:0, instance:flipkart.TC_Logout_004@7d4f9aae]" started-at="2022-03-10T14:38:45 IST" name="browser" finished-at="2022-03-10T14:40:17 IST" duration-ms="92561" status="PASS">
          <params>
            <param index="0">
              <value>
                <![CDATA[chrome]]>
              </value>
            </param>
          </params>
          <reporter-output>
          </reporter-output>
        </test-method> <!-- browser -->
        <test-method signature="logoutUser()[pri:0, instance:flipkart.TC_Logout_004@7d4f9aae]" started-at="2022-03-10T14:40:18 IST" name="logoutUser" finished-at="2022-03-10T14:40:47 IST" duration-ms="29091" status="PASS">
          <reporter-output>
          </reporter-output>
        </test-method> <!-- logoutUser -->
        <test-method is-config="true" signature="closeBrowser()[pri:0, instance:flipkart.TC_Logout_004@7d4f9aae]" started-at="2022-03-10T14:40:47 IST" name="closeBrowser" finished-at="2022-03-10T14:40:59 IST" duration-ms="12344" status="PASS">
          <reporter-output>
          </reporter-output>
        </test-method> <!-- closeBrowser -->
      </class> <!-- flipkart.TC_Logout_004 -->
      <class name="flipkart.TC_AddToCart_002">
        <test-method is-config="true" signature="browser(java.lang.String)[pri:0, instance:flipkart.TC_AddToCart_002@b9b00e0]" started-at="2022-03-10T14:35:11 IST" name="browser" finished-at="2022-03-10T14:36:11 IST" duration-ms="60503" status="PASS">
          <params>
            <param index="0">
              <value>
                <![CDATA[chrome]]>
              </value>
            </param>
          </params>
          <reporter-output>
          </reporter-output>
        </test-method> <!-- browser -->
        <test-method signature="cart()[pri:0, instance:flipkart.TC_AddToCart_002@b9b00e0]" started-at="2022-03-10T14:36:11 IST" name="cart" finished-at="2022-03-10T14:37:19 IST" duration-ms="67812" status="PASS">
          <reporter-output>
          </reporter-output>
        </test-method> <!-- cart -->
        <test-method is-config="true" signature="closeBrowser()[pri:0, instance:flipkart.TC_AddToCart_002@b9b00e0]" started-at="2022-03-10T14:37:19 IST" name="closeBrowser" finished-at="2022-03-10T14:37:20 IST" duration-ms="577" status="PASS">
          <reporter-output>
          </reporter-output>
        </test-method> <!-- closeBrowser -->
      </class> <!-- flipkart.TC_AddToCart_002 -->
      <class name="flipkart.TC_PlaceOrder_003">
        <test-method is-config="true" signature="browser(java.lang.String)[pri:0, instance:flipkart.TC_PlaceOrder_003@506ae4d4]" started-at="2022-03-10T14:37:20 IST" name="browser" finished-at="2022-03-10T14:38:06 IST" duration-ms="45912" status="PASS">
          <params>
            <param index="0">
              <value>
                <![CDATA[chrome]]>
              </value>
            </param>
          </params>
          <reporter-output>
          </reporter-output>
        </test-method> <!-- browser -->
        <test-method signature="orderPlace()[pri:0, instance:flipkart.TC_PlaceOrder_003@506ae4d4]" started-at="2022-03-10T14:38:06 IST" name="orderPlace" finished-at="2022-03-10T14:38:42 IST" duration-ms="36301" status="FAIL">
          <exception class="org.openqa.selenium.NoSuchElementException">
            <message>
              <![CDATA[no such element: Unable to locate element: {"method":"xpath","selector":"//body/div[@id='container']/div[1]/div[2]/div[1]/div[1]/div[1]/div[1]/div[3]/div[1]/form[1]/button[1]"}
  (Session info: chrome=99.0.4844.51)
For documentation on this error, please visit: https://selenium.dev/exceptions/#no_such_element
Build info: version: '4.1.2', revision: '9a5a329c5a'
System info: host: 'DESKTOP-AVE6NNI', ip: '192.168.43.185', os.name: 'Windows 10', os.arch: 'amd64', os.version: '10.0', java.version: '17.0.2'
Driver info: org.openqa.selenium.chrome.ChromeDriver
Command: [a28efe278755c734e12c0f860411e6de, findElement {using=xpath, value=//body/div[@id='container']/div[1]/div[2]/div[1]/div[1]/div[1]/div[1]/div[3]/div[1]/form[1]/button[1]}]
Capabilities {acceptInsecureCerts: false, browserName: chrome, browserVersion: 99.0.4844.51, chrome: {chromedriverVersion: 98.0.4758.80 (7f0488e8ba0d8..., userDataDir: C:\Users\karth\AppData\Loca...}, goog:chromeOptions: {debuggerAddress: localhost:62181}, javascriptEnabled: true, networkConnectionEnabled: false, pageLoadStrategy: normal, platform: WINDOWS, platformName: WINDOWS, proxy: Proxy(), se:cdp: ws://localhost:62181/devtoo..., se:cdpVersion: 99.0.4844.51, setWindowRect: true, strictFileInteractability: false, timeouts: {implicit: 0, pageLoad: 300000, script: 30000}, unhandledPromptBehavior: dismiss and notify, webauthn:extension:credBlob: true, webauthn:extension:largeBlob: true, webauthn:virtualAuthenticators: true}
Session ID: a28efe278755c734e12c0f860411e6de]]>
            </message>
            <full-stacktrace>
              <![CDATA[org.openqa.selenium.NoSuchElementException: no such element: Unable to locate element: {"method":"xpath","selector":"//body/div[@id='container']/div[1]/div[2]/div[1]/div[1]/div[1]/div[1]/div[3]/div[1]/form[1]/button[1]"}
  (Session info: chrome=99.0.4844.51)
For documentation on this error, please visit: https://selenium.dev/exceptions/#no_such_element
Build info: version: '4.1.2', revision: '9a5a329c5a'
System info: host: 'DESKTOP-AVE6NNI', ip: '192.168.43.185', os.name: 'Windows 10', os.arch: 'amd64', os.version: '10.0', java.version: '17.0.2'
Driver info: org.openqa.selenium.chrome.ChromeDriver
Command: [a28efe278755c734e12c0f860411e6de, findElement {using=xpath, value=//body/div[@id='container']/div[1]/div[2]/div[1]/div[1]/div[1]/div[1]/div[3]/div[1]/form[1]/button[1]}]
Capabilities {acceptInsecureCerts: false, browserName: chrome, browserVersion: 99.0.4844.51, chrome: {chromedriverVersion: 98.0.4758.80 (7f0488e8ba0d8..., userDataDir: C:\Users\karth\AppData\Loca...}, goog:chromeOptions: {debuggerAddress: localhost:62181}, javascriptEnabled: true, networkConnectionEnabled: false, pageLoadStrategy: normal, platform: WINDOWS, platformName: WINDOWS, proxy: Proxy(), se:cdp: ws://localhost:62181/devtoo..., se:cdpVersion: 99.0.4844.51, setWindowRect: true, strictFileInteractability: false, timeouts: {implicit: 0, pageLoad: 300000, script: 30000}, unhandledPromptBehavior: dismiss and notify, webauthn:extension:credBlob: true, webauthn:extension:largeBlob: true, webauthn:virtualAuthenticators: true}
Session ID: a28efe278755c734e12c0f860411e6de
at java.base/jdk.internal.reflect.NativeConstructorAccessorImpl.newInstance0(Native Method)
at java.base/jdk.internal.reflect.NativeConstructorAccessorImpl.newInstance(NativeConstructorAccessorImpl.java:77)
at java.base/jdk.internal.reflect.DelegatingConstructorAccessorImpl.newInstance(DelegatingConstructorAccessorImpl.java:45)
at java.base/java.lang.reflect.Constructor.newInstanceWithCaller(Constructor.java:499)
at java.base/java.lang.reflect.Constructor.newInstance(Constructor.java:480)
at org.openqa.selenium.remote.codec.w3c.W3CHttpResponseCodec.createException(W3CHttpResponseCodec.java:200)
at org.openqa.selenium.remote.codec.w3c.W3CHttpResponseCodec.decode(W3CHttpResponseCodec.java:133)
at org.openqa.selenium.remote.codec.w3c.W3CHttpResponseCodec.decode(W3CHttpResponseCodec.java:53)
at org.openqa.selenium.remote.HttpCommandExecutor.execute(HttpCommandExecutor.java:184)
at org.openqa.selenium.remote.service.DriverCommandExecutor.invokeExecute(DriverCommandExecutor.java:167)
at org.openqa.selenium.remote.service.DriverCommandExecutor.execute(DriverCommandExecutor.java:142)
at org.openqa.selenium.remote.RemoteWebDriver.execute(RemoteWebDriver.java:558)
at org.openqa.selenium.remote.ElementLocation$ElementFinder$2.findElement(ElementLocation.java:162)
at org.openqa.selenium.remote.ElementLocation.findElement(ElementLocation.java:60)
at org.openqa.selenium.remote.RemoteWebDriver.findElement(RemoteWebDriver.java:382)
at org.openqa.selenium.remote.RemoteWebDriver.findElement(RemoteWebDriver.java:374)
at org.openqa.selenium.support.pagefactory.DefaultElementLocator.findElement(DefaultElementLocator.java:70)
at org.openqa.selenium.support.pagefactory.internal.LocatingElementHandler.invoke(LocatingElementHandler.java:39)
at jdk.proxy2/jdk.proxy2.$Proxy17.click(Unknown Source)
at flipkart.TC_PlaceOrder_003.orderPlace(TC_PlaceOrder_003.java:29)
at java.base/jdk.internal.reflect.NativeMethodAccessorImpl.invoke0(Native Method)
at java.base/jdk.internal.reflect.NativeMethodAccessorImpl.invoke(NativeMethodAccessorImpl.java:77)
at java.base/jdk.internal.reflect.DelegatingMethodAccessorImpl.invoke(DelegatingMethodAccessorImpl.java:43)
at java.base/java.lang.reflect.Method.invoke(Method.java:568)
at org.testng.internal.MethodInvocationHelper.invokeMethod(MethodInvocationHelper.java:133)
at org.testng.internal.TestInvoker.invokeMethod(TestInvoker.java:598)
at org.testng.internal.TestInvoker.invokeTestMethod(TestInvoker.java:173)
at org.testng.internal.MethodRunner.runInSequence(MethodRunner.java:46)
at org.testng.internal.TestInvoker$MethodInvocationAgent.invoke(TestInvoker.java:824)
at org.testng.internal.TestInvoker.invokeTestMethods(TestInvoker.java:146)
at org.testng.internal.TestMethodWorker.invokeTestMethods(TestMethodWorker.java:146)
at org.testng.internal.TestMethodWorker.run(TestMethodWorker.java:128)
at java.base/java.util.ArrayList.forEach(ArrayList.java:1511)
at org.testng.TestRunner.privateRun(TestRunner.java:794)
at org.testng.TestRunner.run(TestRunner.java:596)
at org.testng.SuiteRunner.runTest(SuiteRunner.java:377)
at org.testng.SuiteRunner.runSequentially(SuiteRunner.java:371)
at org.testng.SuiteRunner.privateRun(SuiteRunner.java:332)
at org.testng.SuiteRunner.run(SuiteRunner.java:276)
at org.testng.SuiteRunnerWorker.runSuite(SuiteRunnerWorker.java:53)
at org.testng.SuiteRunnerWorker.run(SuiteRunnerWorker.java:96)
at org.testng.TestNG.runSuitesSequentially(TestNG.java:1212)
at org.testng.TestNG.runSuitesLocally(TestNG.java:1134)
at org.testng.TestNG.runSuites(TestNG.java:1063)
at org.testng.TestNG.run(TestNG.java:1031)
at org.testng.remote.AbstractRemoteTestNG.run(AbstractRemoteTestNG.java:115)
at org.testng.remote.RemoteTestNG.initAndRun(RemoteTestNG.java:251)
at org.testng.remote.RemoteTestNG.main(RemoteTestNG.java:77)
]]>
            </full-stacktrace>
          </exception> <!-- org.openqa.selenium.NoSuchElementException -->
          <reporter-output>
          </reporter-output>
        </test-method> <!-- orderPlace -->
        <test-method is-config="true" signature="closeBrowser()[pri:0, instance:flipkart.TC_PlaceOrder_003@506ae4d4]" started-at="2022-03-10T14:38:45 IST" name="closeBrowser" finished-at="2022-03-10T14:38:45 IST" duration-ms="320" status="PASS">
          <reporter-output>
          </reporter-output>
        </test-method> <!-- closeBrowser -->
      </class> <!-- flipkart.TC_PlaceOrder_003 -->
      <class name="flipkart.TC_Register_005">
        <test-method is-config="true" signature="browser(java.lang.String)[pri:0, instance:flipkart.TC_Register_005@4c1909a3]" started-at="2022-03-10T14:32:27 IST" name="browser" finished-at="2022-03-10T14:33:39 IST" duration-ms="72083" status="PASS">
          <params>
            <param index="0">
              <value>
                <![CDATA[chrome]]>
              </value>
            </param>
          </params>
          <reporter-output>
          </reporter-output>
        </test-method> <!-- browser -->
        <test-method signature="userRegister()[pri:0, instance:flipkart.TC_Register_005@4c1909a3]" started-at="2022-03-10T14:33:39 IST" name="userRegister" finished-at="2022-03-10T14:33:49 IST" duration-ms="9442" status="PASS">
          <reporter-output>
          </reporter-output>
        </test-method> <!-- userRegister -->
        <test-method is-config="true" signature="closeBrowser()[pri:0, instance:flipkart.TC_Register_005@4c1909a3]" started-at="2022-03-10T14:33:49 IST" name="closeBrowser" finished-at="2022-03-10T14:34:02 IST" duration-ms="13240" status="PASS">
          <reporter-output>
          </reporter-output>
        </test-method> <!-- closeBrowser -->
      </class> <!-- flipkart.TC_Register_005 -->
      <class name="flipkart.TC_FlipkartLogin_001">
        <test-method is-config="true" signature="browser(java.lang.String)[pri:0, instance:flipkart.TC_FlipkartLogin_001@13fd2ccd]" started-at="2022-03-10T14:34:02 IST" name="browser" finished-at="2022-03-10T14:34:44 IST" duration-ms="41861" status="PASS">
          <params>
            <param index="0">
              <value>
                <![CDATA[chrome]]>
              </value>
            </param>
          </params>
          <reporter-output>
          </reporter-output>
        </test-method> <!-- browser -->
        <test-method signature="login()[pri:0, instance:flipkart.TC_FlipkartLogin_001@13fd2ccd]" started-at="2022-03-10T14:34:44 IST" name="login" finished-at="2022-03-10T14:34:54 IST" duration-ms="9812" status="PASS">
          <reporter-output>
          </reporter-output>
        </test-method> <!-- login -->
        <test-method is-config="true" signature="closeBrowser()[pri:0, instance:flipkart.TC_FlipkartLogin_001@13fd2ccd]" started-at="2022-03-10T14:34:54 IST" name="closeBrowser" finished-at="2022-03-10T14:35:11 IST" duration-ms="16938" status="PASS">
          <reporter-output>
          </reporter-output>
        </test-method> <!-- closeBrowser -->
      </class> <!-- flipkart.TC_FlipkartLogin_001 -->
    </test> <!-- Test name -->
  </suite> <!-- Test suite -->
</testng-results>
